EnerCalc/build/outputs/logs/manifest-merger-release-report.txt
-- Merging decision tree log ---
manifest
ADDED from EnerCalc/EnerCalc/AndroidManifest.xml:2:1-33:12
	xmlns:android
		ADDED from EnerCalc/EnerCalc/AndroidManifest.xml:2:11-69
	package
		ADDED from EnerCalc/EnerCalc/AndroidManifest.xml:3:5-32
	android:versionName
		ADDED from EnerCalc/EnerCalc/AndroidManifest.xml:5:5-39
		INJECTED from EnerCalc/EnerCalc/AndroidManifest.xml
		INJECTED from EnerCalc/EnerCalc/AndroidManifest.xml
	android:versionCode
		ADDED from EnerCalc/EnerCalc/AndroidManifest.xml:4:5-29
		INJECTED from EnerCalc/EnerCalc/AndroidManifest.xml
		INJECTED from EnerCalc/EnerCalc/AndroidManifest.xml
uses-sdk
ADDED from EnerCalc/EnerCalc/AndroidManifest.xml:7:5-9:41
	android:targetSdkVersion
		ADDED from EnerCalc/EnerCalc/AndroidManifest.xml:9:9-38
	android:minSdkVersion
		ADDED from EnerCalc/EnerCalc/AndroidManifest.xml:8:9-35
application
ADDED from EnerCalc/EnerCalc/AndroidManifest.xml:11:5-31:19
	android:label
		ADDED from EnerCalc/EnerCalc/AndroidManifest.xml:14:9-41
	android:allowBackup
		ADDED from EnerCalc/EnerCalc/AndroidManifest.xml:12:9-35
	android:icon
		ADDED from EnerCalc/EnerCalc/AndroidManifest.xml:13:9-45
	android:theme
		ADDED from EnerCalc/EnerCalc/AndroidManifest.xml:15:9-40
activity#feranick.enercalc.MainActivity
ADDED from EnerCalc/EnerCalc/AndroidManifest.xml:16:9-29:20
	android:label
		ADDED from EnerCalc/EnerCalc/AndroidManifest.xml:18:13-45
	android:name
		ADDED from EnerCalc/EnerCalc/AndroidManifest.xml:17:13-58
intent-filter#android.intent.action.SEARCH
ADDED from EnerCalc/EnerCalc/AndroidManifest.xml:19:13-21:29
action#android.intent.action.SEARCH
ADDED from EnerCalc/EnerCalc/AndroidManifest.xml:20:17-71
	android:name
		ADDED from EnerCalc/EnerCalc/AndroidManifest.xml:20:25-68
meta-data#android.app.searchable
ADDED from EnerCalc/EnerCalc/AndroidManifest.xml:22:13-23:53
	android:resource
		ADDED from EnerCalc/EnerCalc/AndroidManifest.xml:23:17-51
	android:name
		ADDED from EnerCalc/EnerCalc/AndroidManifest.xml:22:24-61
intent-filter#android.intent.action.MAIN+android.intent.category.LAUNCHER
ADDED from EnerCalc/EnerCalc/AndroidManifest.xml:24:13-28:29
action#android.intent.action.MAIN
ADDED from EnerCalc/EnerCalc/AndroidManifest.xml:25:17-69
	android:name
		ADDED from EnerCalc/EnerCalc/AndroidManifest.xml:25:25-66
category#android.intent.category.LAUNCHER
ADDED from EnerCalc/EnerCalc/AndroidManifest.xml:27:17-77
	android:name
		ADDED from EnerCalc/EnerCalc/AndroidManifest.xml:27:27-74